<?xml version="1.0" encoding="UTF-8"?>
<testsuite name="CinemaTests" tests="1" skipped="0" failures="0" errors="0" timestamp="2022-03-17T21:59:25" hostname="PC" time="1.633">
  <properties/>
  <testcase name="start" classname="CinemaTests" time="1.633"/>
  <system-out><![CDATA[?[1;31m
Start test 1?[0m

  .   ____          _            __ _ _
 /\\ / ___'_ __ _ _(_)_ __  __ _ \ \ \ \
( ( )\___ | '_ | '_| | '_ \/ _` | \ \ \ \
 \\/  ___)| |_)| | | | | || (_| |  ) ) ) )
  '  |____| .__|_| |_|_| |_\__, | / / / /
 =========|_|==============|___/=/_/_/_/
 :: Spring Boot ::                (v2.5.6)

2022-03-17 21:59:25.798  INFO 41601 --- [    Test worker] cinema.Main                              : Starting Main using Java 17.0.1 on PC with PID 41601 (started by jed in /home/jed/IdeaProjects/Cinema Room REST Service/Cinema Room REST Service/task)
2022-03-17 21:59:25.803  INFO 41601 --- [    Test worker] cinema.Main                              : No active profile set, falling back to default profiles: default
2022-03-17 21:59:26.388  INFO 41601 --- [    Test worker] o.s.b.w.embedded.tomcat.TomcatWebServer  : Tomcat initialized with port(s): 28852 (http)
2022-03-17 21:59:26.394  INFO 41601 --- [    Test worker] o.apache.catalina.core.StandardService   : Starting service [Tomcat]
2022-03-17 21:59:26.394  INFO 41601 --- [    Test worker] org.apache.catalina.core.StandardEngine  : Starting Servlet engine: [Apache Tomcat/9.0.54]
2022-03-17 21:59:26.432  INFO 41601 --- [    Test worker] o.a.c.c.C.[Tomcat].[localhost].[/]       : Initializing Spring embedded WebApplicationContext
2022-03-17 21:59:26.432  INFO 41601 --- [    Test worker] w.s.c.ServletWebServerApplicationContext : Root WebApplicationContext: initialization completed in 601 ms
2022-03-17 21:59:26.640  INFO 41601 --- [    Test worker] o.s.b.a.w.s.WelcomePageHandlerMapping    : Adding welcome page: class path resource [static/index.html]
2022-03-17 21:59:26.754  INFO 41601 --- [    Test worker] o.s.b.a.e.web.EndpointLinksResolver      : Exposing 14 endpoint(s) beneath base path '/actuator'
2022-03-17 21:59:26.774  INFO 41601 --- [    Test worker] o.s.b.w.embedded.tomcat.TomcatWebServer  : Tomcat started on port(s): 28852 (http) with context path ''
2022-03-17 21:59:26.783  INFO 41601 --- [    Test worker] cinema.Main                              : Started Main in 1.158 seconds (JVM running for 1.522)
2022-03-17 21:59:26.959  INFO 41601 --- [io-28852-exec-1] o.a.c.c.C.[Tomcat].[localhost].[/]       : Initializing Spring DispatcherServlet 'dispatcherServlet'
2022-03-17 21:59:26.959  INFO 41601 --- [io-28852-exec-1] o.s.web.servlet.DispatcherServlet        : Initializing Servlet 'dispatcherServlet'
2022-03-17 21:59:26.960  INFO 41601 --- [io-28852-exec-1] o.s.web.servlet.DispatcherServlet        : Completed initialization in 1 ms
?[1;31m
Start test 2?[0m
?[1;31m
Start test 3?[0m
?[1;31m
Start test 4?[0m
?[1;31m
Start test 5?[0m
?[1;31m
Start test 6?[0m
?[1;31m
Start test 7?[0m
?[1;31m
Start test 8?[0m
?[1;31m
Start test 9?[0m
?[1;31m
Start test 10?[0m
?[1;31m
Start test 11?[0m
?[1;31m
Start test 12?[0m
]]></system-out>
  <system-err><![CDATA[]]></system-err>
</testsuite>
